<?xml version="1.0" encoding="UTF-8"?>
<!-- Generated by org.testng.reporters.JUnitReportReporter -->
<testsuite hostname="sweetu" failures="0" tests="4" name="javaRevision.TestNGDataDrivenTesting" time="15.209" errors="0" timestamp="2024-04-23T22:21:01 IST" skipped="0">
  <testcase classname="javaRevision.TestNGDataDrivenTesting" name="LoginwithData" time="2.205"/>
  <system-out/>
  <testcase classname="javaRevision.TestNGDataDrivenTesting" name="LoginwithData" time="1.994"/>
  <system-out/>
  <testcase classname="javaRevision.TestNGDataDrivenTesting" name="LoginwithData" time="3.695"/>
  <system-out/>
  <testcase classname="javaRevision.TestNGDataDrivenTesting" name="LoginwithData" time="7.315"/>
  <system-out/>
</testsuite> <!-- javaRevision.TestNGDataDrivenTesting -->
