<?xml version="1.0" encoding="UTF-8"?>
<!-- Generated by org.testng.reporters.JUnitReportReporter -->
<testsuite hostname="sweetu" failures="0" tests="1" name="defaultpackage.SumValidation" time="2.004" errors="0" timestamp="2023-03-19T23:10:40 IST" skipped="0">
  <testcase classname="defaultpackage.SumValidation" name="sumvalidation" time="2.004"/>
  <system-out/>
</testsuite> <!-- defaultpackage.SumValidation -->
